INFO 2020-05-19 17:45:12,829 autoreload 578 Watching for file changes with StatReloader
INFO 2020-05-19 17:47:43,853 autoreload 203 E:\NewBlog\NewBlog\urls.py changed, reloading.
INFO 2020-05-19 17:47:46,454 autoreload 578 Watching for file changes with StatReloader
INFO 2020-05-19 17:49:05,725 autoreload 578 Watching for file changes with StatReloader
INFO 2020-05-19 17:49:08,724 basehttp 154 "GET / HTTP/1.1" 200 4
INFO 2020-05-19 17:49:27,165 autoreload 203 E:\NewBlog\NewBlog\urls.py changed, reloading.
INFO 2020-05-19 17:49:30,720 autoreload 578 Watching for file changes with StatReloader
INFO 2020-05-19 17:50:38,862 autoreload 203 E:\NewBlog\NewBlog\urls.py changed, reloading.
INFO 2020-05-19 17:50:40,956 autoreload 578 Watching for file changes with StatReloader
INFO 2020-05-19 17:51:23,601 autoreload 203 E:\NewBlog\NewBlog\urls.py changed, reloading.
INFO 2020-05-19 17:51:25,728 autoreload 578 Watching for file changes with StatReloader
INFO 2020-05-19 17:51:42,982 autoreload 203 E:\NewBlog\NewBlog\urls.py changed, reloading.
INFO 2020-05-19 17:51:45,748 autoreload 578 Watching for file changes with StatReloader
INFO 2020-05-19 17:52:03,302 autoreload 203 E:\NewBlog\NewBlog\urls.py changed, reloading.
INFO 2020-05-19 17:52:06,221 autoreload 578 Watching for file changes with StatReloader
INFO 2020-05-19 17:52:17,374 autoreload 203 E:\NewBlog\NewBlog\urls.py changed, reloading.
INFO 2020-05-19 17:52:19,866 autoreload 578 Watching for file changes with StatReloader
INFO 2020-05-19 17:52:54,400 autoreload 578 Watching for file changes with StatReloader
INFO 2020-05-19 17:53:12,947 urls 27 info
INFO 2020-05-19 17:53:12,956 basehttp 154 "GET / HTTP/1.1" 200 4
INFO 2020-05-19 17:56:46,144 autoreload 578 Watching for file changes with StatReloader
WARNING 2020-05-19 17:57:01,726 log 228 Not Found: /favicon.ico
WARNING 2020-05-19 17:57:01,733 basehttp 154 "GET /favicon.ico HTTP/1.1" 404 2073
WARNING 2020-05-19 17:57:02,166 log 228 Not Found: /favicon.ico
WARNING 2020-05-19 17:57:02,167 basehttp 154 "GET /favicon.ico HTTP/1.1" 404 2073
WARNING 2020-05-19 17:57:02,804 log 228 Not Found: /favicon.ico
WARNING 2020-05-19 17:57:02,805 basehttp 154 "GET /favicon.ico HTTP/1.1" 404 2073
INFO 2020-05-19 17:57:03,216 basehttp 154 "GET /static/index.html HTTP/1.1" 200 12002
INFO 2020-05-19 17:57:03,777 basehttp 154 "GET /static/bootstrap/css/bootstrap.min.css HTTP/1.1" 200 140942
INFO 2020-05-19 17:57:03,808 basehttp 154 "GET /static/md_css/monokai.css HTTP/1.1" 200 4118
INFO 2020-05-19 17:57:03,857 basehttp 154 "GET /static/common/common.css HTTP/1.1" 200 381
INFO 2020-05-19 17:57:03,883 basehttp 154 "GET /static/common/jquery.pagination.css HTTP/1.1" 200 523
INFO 2020-05-19 17:57:03,908 basehttp 154 "GET /static/js/vue-2.5.16.js HTTP/1.1" 200 289307
INFO 2020-05-19 17:57:03,926 basehttp 154 "GET /static/js/axios-0.18.0.min.js HTTP/1.1" 200 12941
INFO 2020-05-19 17:57:03,946 basehttp 154 "GET /static/js/jquery-1.12.4.min.js HTTP/1.1" 200 97163
INFO 2020-05-19 17:57:03,969 basehttp 154 "GET /static/img/1.jpg HTTP/1.1" 200 78682
INFO 2020-05-19 17:57:03,992 basehttp 154 "GET /static/js/host.js HTTP/1.1" 200 35
INFO 2020-05-19 17:57:04,066 basehttp 154 "GET /static/js/common.js HTTP/1.1" 200 891
INFO 2020-05-19 17:57:04,100 basehttp 154 "GET /static/js/index.js HTTP/1.1" 200 530
INFO 2020-05-19 17:57:04,123 basehttp 154 "GET /static/js/jquery.pagination.min.js HTTP/1.1" 200 2935
INFO 2020-05-19 18:00:16,440 autoreload 578 Watching for file changes with StatReloader
INFO 2020-05-19 18:00:22,146 urls 27 info
INFO 2020-05-19 18:00:22,158 basehttp 154 "GET / HTTP/1.1" 200 4
INFO 2020-05-19 18:14:33,966 autoreload 578 Watching for file changes with StatReloader
INFO 2020-05-19 18:14:37,329 urls 27 info
INFO 2020-05-19 18:14:37,349 basehttp 154 "GET / HTTP/1.1" 200 4
INFO 2020-05-19 18:14:56,889 autoreload 578 Watching for file changes with StatReloader
INFO 2020-05-19 18:15:00,088 basehttp 154 "GET / HTTP/1.1" 200 16286
INFO 2020-05-19 20:29:43,432 autoreload 578 Watching for file changes with StatReloader
WARNING 2020-05-19 20:29:50,714 log 228 Not Found: /
WARNING 2020-05-19 20:29:50,714 basehttp 154 "GET / HTTP/1.1" 404 2095
WARNING 2020-05-19 20:30:03,839 log 228 Not Found: /favicon.ico
WARNING 2020-05-19 20:30:03,841 basehttp 154 "GET /favicon.ico HTTP/1.1" 404 2146
WARNING 2020-05-19 20:30:04,404 log 228 Not Found: /favicon.ico
WARNING 2020-05-19 20:30:04,405 basehttp 154 "GET /favicon.ico HTTP/1.1" 404 2146
INFO 2020-05-19 20:30:04,771 basehttp 154 "GET /register HTTP/1.1" 301 0
INFO 2020-05-19 20:30:04,836 basehttp 154 "GET /register/ HTTP/1.1" 200 5217
INFO 2020-05-19 20:30:05,172 basehttp 154 "GET /static/js/vue-2.5.16.js HTTP/1.1" 200 289307
INFO 2020-05-19 20:30:05,188 basehttp 154 "GET /static/js/axios-0.18.0.min.js HTTP/1.1" 200 12941
INFO 2020-05-19 20:30:05,316 basehttp 154 "GET /static/img/image_code.png HTTP/1.1" 200 3483
INFO 2020-05-19 20:30:05,322 basehttp 154 "GET /static/js/host.js HTTP/1.1" 200 35
INFO 2020-05-19 20:30:05,521 basehttp 154 "GET /static/js/common.js HTTP/1.1" 200 891
INFO 2020-05-19 20:30:05,546 basehttp 154 "GET /static/js/register.js HTTP/1.1" 200 6407
WARNING 2020-05-19 20:30:58,312 log 228 Not Found: /favicon.ico
WARNING 2020-05-19 20:30:58,314 basehttp 154 "GET /favicon.ico HTTP/1.1" 404 2146
WARNING 2020-05-19 20:30:58,892 log 228 Not Found: /favicon.ico
WARNING 2020-05-19 20:30:58,895 basehttp 154 "GET /favicon.ico HTTP/1.1" 404 2146
WARNING 2020-05-19 20:30:59,534 log 228 Not Found: /favicon.ico
WARNING 2020-05-19 20:30:59,536 basehttp 154 "GET /favicon.ico HTTP/1.1" 404 2146
WARNING 2020-05-19 20:31:00,144 log 228 Not Found: /favicon.ico
WARNING 2020-05-19 20:31:00,145 basehttp 154 "GET /favicon.ico HTTP/1.1" 404 2146
WARNING 2020-05-19 20:31:00,753 log 228 Not Found: /favicon.ico
WARNING 2020-05-19 20:31:00,754 basehttp 154 "GET /favicon.ico HTTP/1.1" 404 2146
WARNING 2020-05-19 20:31:01,356 log 228 Not Found: /favicon.ico
WARNING 2020-05-19 20:31:01,357 basehttp 154 "GET /favicon.ico HTTP/1.1" 404 2146
WARNING 2020-05-19 20:31:01,957 log 228 Not Found: /favicon.ico
WARNING 2020-05-19 20:31:01,958 basehttp 154 "GET /favicon.ico HTTP/1.1" 404 2146
WARNING 2020-05-19 20:31:02,606 log 228 Not Found: /favicon.ico
WARNING 2020-05-19 20:31:02,607 basehttp 154 "GET /favicon.ico HTTP/1.1" 404 2146
WARNING 2020-05-19 20:31:02,885 log 228 Not Found: /users/
WARNING 2020-05-19 20:31:02,887 basehttp 154 "GET /users/ HTTP/1.1" 404 2131
INFO 2020-05-19 20:34:41,178 autoreload 578 Watching for file changes with StatReloader
INFO 2020-05-19 20:35:11,602 autoreload 578 Watching for file changes with StatReloader
INFO 2020-05-19 20:35:56,554 autoreload 203 E:\NewBlog\NewBlog\urls.py changed, reloading.
INFO 2020-05-19 20:35:59,848 autoreload 578 Watching for file changes with StatReloader
WARNING 2020-05-19 20:44:54,389 log 228 Not Found: /favicon.ico
WARNING 2020-05-19 20:44:54,390 basehttp 154 "GET /favicon.ico HTTP/1.1" 404 2146
WARNING 2020-05-19 20:44:54,870 log 228 Not Found: /favicon.ico
WARNING 2020-05-19 20:44:54,871 basehttp 154 "GET /favicon.ico HTTP/1.1" 404 2146
INFO 2020-05-19 20:44:55,292 basehttp 154 "GET /register/ HTTP/1.1" 200 5217
INFO 2020-05-19 20:48:39,105 autoreload 578 Watching for file changes with StatReloader
INFO 2020-05-19 20:48:43,414 basehttp 154 "GET /register/ HTTP/1.1" 200 5210
INFO 2020-05-19 20:55:48,484 autoreload 203 E:\NewBlog\users\models.py changed, reloading.
INFO 2020-05-19 20:55:52,200 autoreload 578 Watching for file changes with StatReloader
INFO 2020-05-19 20:56:01,946 autoreload 203 E:\NewBlog\users\models.py changed, reloading.
INFO 2020-05-19 20:56:06,403 autoreload 578 Watching for file changes with StatReloader
INFO 2020-05-19 20:56:25,219 autoreload 203 E:\NewBlog\users\models.py changed, reloading.
INFO 2020-05-19 20:56:28,404 autoreload 578 Watching for file changes with StatReloader
INFO 2020-05-19 20:57:15,453 autoreload 203 E:\NewBlog\users\models.py changed, reloading.
INFO 2020-05-19 20:57:18,050 autoreload 578 Watching for file changes with StatReloader
INFO 2020-05-19 20:57:27,702 autoreload 203 E:\NewBlog\users\models.py changed, reloading.
INFO 2020-05-19 20:57:30,557 autoreload 578 Watching for file changes with StatReloader
INFO 2020-05-19 20:58:59,216 autoreload 578 Watching for file changes with StatReloader
INFO 2020-05-19 21:02:22,537 autoreload 578 Watching for file changes with StatReloader
INFO 2020-05-19 21:02:41,934 autoreload 203 E:\NewBlog\users\models.py changed, reloading.
INFO 2020-05-19 21:02:44,661 autoreload 578 Watching for file changes with StatReloader
INFO 2020-05-19 21:04:28,989 autoreload 203 E:\NewBlog\users\models.py changed, reloading.
INFO 2020-05-19 21:04:33,014 autoreload 578 Watching for file changes with StatReloader
INFO 2020-05-19 21:11:41,056 autoreload 578 Watching for file changes with StatReloader
WARNING 2020-05-19 21:11:43,628 log 228 Not Found: /
WARNING 2020-05-19 21:11:43,629 basehttp 154 "GET / HTTP/1.1" 404 2095
WARNING 2020-05-19 21:11:47,443 log 228 Not Found: /favicon.ico
WARNING 2020-05-19 21:11:47,444 basehttp 154 "GET /favicon.ico HTTP/1.1" 404 2146
WARNING 2020-05-19 21:11:48,053 log 228 Not Found: /favicon.ico
WARNING 2020-05-19 21:11:48,053 basehttp 154 "GET /favicon.ico HTTP/1.1" 404 2146
INFO 2020-05-19 21:11:48,247 basehttp 154 "GET /register/ HTTP/1.1" 200 5210
INFO 2020-05-20 10:13:53,692 autoreload 578 Watching for file changes with StatReloader
WARNING 2020-05-20 10:13:56,946 log 228 Not Found: /
WARNING 2020-05-20 10:13:56,947 basehttp 154 "GET / HTTP/1.1" 404 2095
WARNING 2020-05-20 10:14:00,470 log 228 Not Found: /favicon.ico
WARNING 2020-05-20 10:14:00,471 basehttp 154 "GET /favicon.ico HTTP/1.1" 404 2146
WARNING 2020-05-20 10:14:12,529 log 228 Not Found: /favicon.ico
WARNING 2020-05-20 10:14:12,532 basehttp 154 "GET /favicon.ico HTTP/1.1" 404 2146
WARNING 2020-05-20 10:14:13,099 log 228 Not Found: /favicon.ico
WARNING 2020-05-20 10:14:13,100 basehttp 154 "GET /favicon.ico HTTP/1.1" 404 2146
INFO 2020-05-20 10:14:13,506 basehttp 154 "GET /register/ HTTP/1.1" 200 5210
INFO 2020-05-20 10:18:34,153 autoreload 203 E:\NewBlog\NewBlog\settings.py changed, reloading.
INFO 2020-05-20 10:18:37,027 autoreload 578 Watching for file changes with StatReloader
WARNING 2020-05-20 10:18:50,936 basehttp 154 "GET /static/js/axios.min.map HTTP/1.1" 404 1672
INFO 2020-05-20 10:18:50,940 basehttp 154 "GET /static/bootstrap/css/bootstrap.min.css.map HTTP/1.1" 200 562427
WARNING 2020-05-20 10:19:05,437 basehttp 154 "GET /static/js/axios.min.map HTTP/1.1" 404 1672
INFO 2020-05-20 10:25:44,881 basehttp 154 "GET /register/ HTTP/1.1" 200 5210
INFO 2020-05-20 10:25:45,023 basehttp 154 "GET /static/bootstrap/css/bootstrap.min.css HTTP/1.1" 200 140942
INFO 2020-05-20 10:25:45,025 basehttp 154 "GET /static/js/vue-2.5.16.js HTTP/1.1" 200 289307
INFO 2020-05-20 10:25:45,071 basehttp 154 "GET /static/js/axios-0.18.0.min.js HTTP/1.1" 200 12941
INFO 2020-05-20 10:25:45,086 basehttp 154 "GET /static/js/host.js HTTP/1.1" 200 35
INFO 2020-05-20 10:25:45,102 basehttp 154 "GET /static/img/image_code.png HTTP/1.1" 200 3483
INFO 2020-05-20 10:25:45,287 basehttp 154 "GET /static/js/common.js HTTP/1.1" 200 891
INFO 2020-05-20 10:25:45,288 basehttp 154 "GET /static/js/register.js HTTP/1.1" 200 6407
WARNING 2020-05-20 10:25:45,418 basehttp 154 "GET /static/js/axios.min.map HTTP/1.1" 404 1672
INFO 2020-05-20 10:25:45,473 basehttp 154 "GET /static/bootstrap/css/bootstrap.min.css.map HTTP/1.1" 200 562427
INFO 2020-05-20 10:33:47,806 autoreload 203 E:\NewBlog\users\views.py changed, reloading.
INFO 2020-05-20 10:33:50,443 autoreload 578 Watching for file changes with StatReloader
INFO 2020-05-20 11:01:46,050 autoreload 578 Watching for file changes with StatReloader
INFO 2020-05-20 11:02:25,633 autoreload 578 Watching for file changes with StatReloader
INFO 2020-05-20 11:02:42,867 autoreload 578 Watching for file changes with StatReloader
WARNING 2020-05-20 11:03:04,707 log 228 Not Found: /favicon.ico
WARNING 2020-05-20 11:03:04,708 basehttp 154 "GET /favicon.ico HTTP/1.1" 404 2321
WARNING 2020-05-20 11:03:05,257 log 228 Not Found: /favicon.ico
WARNING 2020-05-20 11:03:05,259 basehttp 154 "GET /favicon.ico HTTP/1.1" 404 2321
WARNING 2020-05-20 11:03:05,877 log 228 Not Found: /favicon.ico
WARNING 2020-05-20 11:03:05,878 basehttp 154 "GET /favicon.ico HTTP/1.1" 404 2321
WARNING 2020-05-20 11:03:06,474 log 228 Not Found: /favicon.ico
WARNING 2020-05-20 11:03:06,476 basehttp 154 "GET /favicon.ico HTTP/1.1" 404 2321
WARNING 2020-05-20 11:03:07,089 log 228 Not Found: /favicon.ico
WARNING 2020-05-20 11:03:07,090 basehttp 154 "GET /favicon.ico HTTP/1.1" 404 2321
WARNING 2020-05-20 11:03:07,777 log 228 Not Found: /favicon.ico
WARNING 2020-05-20 11:03:07,778 basehttp 154 "GET /favicon.ico HTTP/1.1" 404 2321
WARNING 2020-05-20 11:03:08,327 log 228 Not Found: /favicon.ico
WARNING 2020-05-20 11:03:08,328 basehttp 154 "GET /favicon.ico HTTP/1.1" 404 2321
WARNING 2020-05-20 11:03:08,927 log 228 Not Found: /favicon.ico
WARNING 2020-05-20 11:03:08,930 basehttp 154 "GET /favicon.ico HTTP/1.1" 404 2321
WARNING 2020-05-20 11:03:09,550 log 228 Not Found: /favicon.ico
WARNING 2020-05-20 11:03:09,557 basehttp 154 "GET /favicon.ico HTTP/1.1" 404 2321
WARNING 2020-05-20 11:03:10,159 log 228 Not Found: /favicon.ico
WARNING 2020-05-20 11:03:10,161 basehttp 154 "GET /favicon.ico HTTP/1.1" 404 2321
WARNING 2020-05-20 11:03:10,759 log 228 Not Found: /favicon.ico
WARNING 2020-05-20 11:03:10,760 basehttp 154 "GET /favicon.ico HTTP/1.1" 404 2321
WARNING 2020-05-20 11:03:11,369 log 228 Not Found: /favicon.ico
WARNING 2020-05-20 11:03:11,370 basehttp 154 "GET /favicon.ico HTTP/1.1" 404 2321
WARNING 2020-05-20 11:03:11,965 log 228 Not Found: /favicon.ico
WARNING 2020-05-20 11:03:11,966 basehttp 154 "GET /favicon.ico HTTP/1.1" 404 2321
WARNING 2020-05-20 11:03:12,581 log 228 Not Found: /favicon.ico
WARNING 2020-05-20 11:03:12,581 basehttp 154 "GET /favicon.ico HTTP/1.1" 404 2321
WARNING 2020-05-20 11:03:13,185 log 228 Not Found: /favicon.ico
WARNING 2020-05-20 11:03:13,186 basehttp 154 "GET /favicon.ico HTTP/1.1" 404 2321
WARNING 2020-05-20 11:03:13,798 log 228 Not Found: /favicon.ico
WARNING 2020-05-20 11:03:13,804 basehttp 154 "GET /favicon.ico HTTP/1.1" 404 2321
WARNING 2020-05-20 11:03:14,395 log 228 Not Found: /favicon.ico
WARNING 2020-05-20 11:03:14,397 basehttp 154 "GET /favicon.ico HTTP/1.1" 404 2321
WARNING 2020-05-20 11:03:15,013 log 228 Not Found: /favicon.ico
WARNING 2020-05-20 11:03:15,014 basehttp 154 "GET /favicon.ico HTTP/1.1" 404 2321
WARNING 2020-05-20 11:03:15,628 log 228 Not Found: /favicon.ico
WARNING 2020-05-20 11:03:15,629 basehttp 154 "GET /favicon.ico HTTP/1.1" 404 2321
WARNING 2020-05-20 11:03:16,227 log 228 Not Found: /favicon.ico
WARNING 2020-05-20 11:03:16,228 basehttp 154 "GET /favicon.ico HTTP/1.1" 404 2321
WARNING 2020-05-20 11:03:16,820 log 228 Not Found: /favicon.ico
WARNING 2020-05-20 11:03:16,821 basehttp 154 "GET /favicon.ico HTTP/1.1" 404 2321
WARNING 2020-05-20 11:03:17,430 log 228 Not Found: /favicon.ico
WARNING 2020-05-20 11:03:17,430 basehttp 154 "GET /favicon.ico HTTP/1.1" 404 2321
WARNING 2020-05-20 11:03:18,043 log 228 Not Found: /favicon.ico
WARNING 2020-05-20 11:03:18,044 basehttp 154 "GET /favicon.ico HTTP/1.1" 404 2321
WARNING 2020-05-20 11:03:18,646 log 228 Not Found: /favicon.ico
WARNING 2020-05-20 11:03:18,649 basehttp 154 "GET /favicon.ico HTTP/1.1" 404 2321
WARNING 2020-05-20 11:03:19,248 log 228 Not Found: /favicon.ico
WARNING 2020-05-20 11:03:19,248 basehttp 154 "GET /favicon.ico HTTP/1.1" 404 2321
WARNING 2020-05-20 11:03:19,862 log 228 Not Found: /favicon.ico
WARNING 2020-05-20 11:03:19,863 basehttp 154 "GET /favicon.ico HTTP/1.1" 404 2321
WARNING 2020-05-20 11:03:20,474 log 228 Not Found: /favicon.ico
WARNING 2020-05-20 11:03:20,475 basehttp 154 "GET /favicon.ico HTTP/1.1" 404 2321
WARNING 2020-05-20 11:03:21,075 log 228 Not Found: /favicon.ico
WARNING 2020-05-20 11:03:21,076 basehttp 154 "GET /favicon.ico HTTP/1.1" 404 2321
WARNING 2020-05-20 11:03:21,689 log 228 Not Found: /favicon.ico
WARNING 2020-05-20 11:03:21,690 basehttp 154 "GET /favicon.ico HTTP/1.1" 404 2321
WARNING 2020-05-20 11:03:22,304 log 228 Not Found: /favicon.ico
WARNING 2020-05-20 11:03:22,306 basehttp 154 "GET /favicon.ico HTTP/1.1" 404 2321
WARNING 2020-05-20 11:03:22,892 log 228 Not Found: /favicon.ico
WARNING 2020-05-20 11:03:22,895 basehttp 154 "GET /favicon.ico HTTP/1.1" 404 2321
INFO 2020-05-20 11:05:58,845 basehttp 154 "GET /imagecode/?uuid=123 HTTP/1.1" 200 3477
INFO 2020-05-20 11:12:18,157 autoreload 578 Watching for file changes with StatReloader
INFO 2020-05-20 11:12:22,062 basehttp 154 "GET /register/ HTTP/1.1" 200 5196
INFO 2020-05-20 11:12:22,428 basehttp 154 "GET /static/bootstrap/css/bootstrap.min.css HTTP/1.1" 200 140942
INFO 2020-05-20 11:12:22,429 basehttp 154 "GET /static/js/vue-2.5.16.js HTTP/1.1" 200 289307
WARNING 2020-05-20 11:12:22,534 log 228 Not Found: /register/image_code_url
WARNING 2020-05-20 11:12:22,535 basehttp 154 "GET /register/image_code_url HTTP/1.1" 404 2357
INFO 2020-05-20 11:12:22,611 basehttp 154 "GET /static/js/axios-0.18.0.min.js HTTP/1.1" 200 12941
INFO 2020-05-20 11:12:22,717 basehttp 154 "GET /static/js/host.js HTTP/1.1" 200 35
INFO 2020-05-20 11:12:22,851 basehttp 154 "GET /static/js/common.js HTTP/1.1" 200 891
INFO 2020-05-20 11:12:22,853 basehttp 154 "GET /static/js/register.js HTTP/1.1" 200 6407
WARNING 2020-05-20 11:12:22,980 basehttp 154 "GET /static/js/axios.min.map HTTP/1.1" 404 1672
INFO 2020-05-20 11:12:23,260 basehttp 154 "GET /static/bootstrap/css/bootstrap.min.css.map HTTP/1.1" 200 562427
WARNING 2020-05-20 11:12:23,460 log 228 Not Found: /register/image_code_url
WARNING 2020-05-20 11:12:23,462 basehttp 154 "GET /register/image_code_url HTTP/1.1" 404 2357
INFO 2020-05-20 11:15:31,464 autoreload 578 Watching for file changes with StatReloader
WARNING 2020-05-20 11:15:33,400 log 228 Not Found: /
WARNING 2020-05-20 11:15:33,403 basehttp 154 "GET / HTTP/1.1" 404 2270
INFO 2020-05-20 11:15:41,934 basehttp 154 "GET /register/ HTTP/1.1" 200 5196
WARNING 2020-05-20 11:15:42,060 log 228 Not Found: /register/image_code_url
WARNING 2020-05-20 11:15:42,060 basehttp 154 "GET /register/image_code_url HTTP/1.1" 404 2357
WARNING 2020-05-20 11:15:42,667 log 228 Not Found: /register/image_code_url
WARNING 2020-05-20 11:15:42,668 basehttp 154 "GET /register/image_code_url HTTP/1.1" 404 2357
WARNING 2020-05-20 11:15:51,846 basehttp 154 "GET /static/js/axios.min.map HTTP/1.1" 404 1672
INFO 2020-05-20 11:15:51,881 basehttp 154 "GET /static/bootstrap/css/bootstrap.min.css.map HTTP/1.1" 200 562427
INFO 2020-05-20 11:17:17,501 autoreload 203 E:\NewBlog\users\views.py changed, reloading.
INFO 2020-05-20 11:17:19,683 autoreload 578 Watching for file changes with StatReloader
INFO 2020-05-20 11:17:28,766 basehttp 154 "GET /register/ HTTP/1.1" 200 5196
INFO 2020-05-20 11:17:29,218 basehttp 154 "GET /static/js/vue-2.5.16.js HTTP/1.1" 200 289307
INFO 2020-05-20 11:17:29,224 basehttp 154 "GET /static/bootstrap/css/bootstrap.min.css HTTP/1.1" 200 140942
INFO 2020-05-20 11:17:29,266 basehttp 154 "GET /static/js/axios-0.18.0.min.js HTTP/1.1" 200 12941
WARNING 2020-05-20 11:17:29,291 log 228 Not Found: /register/image_code_url
WARNING 2020-05-20 11:17:29,292 basehttp 154 "GET /register/image_code_url HTTP/1.1" 404 2357
INFO 2020-05-20 11:17:29,304 basehttp 154 "GET /static/js/host.js HTTP/1.1" 200 35
INFO 2020-05-20 11:17:29,362 basehttp 154 "GET /static/js/common.js HTTP/1.1" 200 891
INFO 2020-05-20 11:17:29,415 basehttp 154 "GET /static/js/register.js HTTP/1.1" 200 6407
WARNING 2020-05-20 11:17:29,418 basehttp 154 "GET /static/js/axios.min.map HTTP/1.1" 404 1672
INFO 2020-05-20 11:17:29,648 basehttp 154 "GET /static/bootstrap/css/bootstrap.min.css.map HTTP/1.1" 200 562427
WARNING 2020-05-20 11:17:29,955 log 228 Not Found: /register/image_code_url
WARNING 2020-05-20 11:17:29,956 basehttp 154 "GET /register/image_code_url HTTP/1.1" 404 2357
INFO 2020-05-20 11:17:53,089 autoreload 578 Watching for file changes with StatReloader
INFO 2020-05-20 11:17:55,646 basehttp 154 "GET /register/ HTTP/1.1" 200 5196
INFO 2020-05-20 11:17:55,805 basehttp 154 "GET /static/bootstrap/css/bootstrap.min.css HTTP/1.1" 200 140942
INFO 2020-05-20 11:17:55,807 basehttp 154 "GET /static/js/vue-2.5.16.js HTTP/1.1" 200 289307
INFO 2020-05-20 11:17:55,855 basehttp 154 "GET /static/js/axios-0.18.0.min.js HTTP/1.1" 200 12941
WARNING 2020-05-20 11:17:55,904 log 228 Not Found: /register/image_code_url
WARNING 2020-05-20 11:17:55,904 basehttp 154 "GET /register/image_code_url HTTP/1.1" 404 2357
INFO 2020-05-20 11:17:55,961 basehttp 154 "GET /static/js/host.js HTTP/1.1" 200 35
INFO 2020-05-20 11:17:56,286 basehttp 154 "GET /static/bootstrap/css/bootstrap.min.css.map HTTP/1.1" 200 562427
INFO 2020-05-20 11:17:56,310 basehttp 154 "GET /static/js/common.js HTTP/1.1" 200 891
INFO 2020-05-20 11:17:56,417 basehttp 154 "GET /static/js/register.js HTTP/1.1" 200 6407
WARNING 2020-05-20 11:17:56,539 log 228 Not Found: /register/image_code_url
WARNING 2020-05-20 11:17:56,539 basehttp 154 "GET /register/image_code_url HTTP/1.1" 404 2357
WARNING 2020-05-20 11:17:56,563 basehttp 154 "GET /static/js/axios.min.map HTTP/1.1" 404 1672
INFO 2020-05-20 11:20:35,889 autoreload 578 Watching for file changes with StatReloader
INFO 2020-05-20 11:20:38,130 basehttp 154 "GET /register/ HTTP/1.1" 200 5197
INFO 2020-05-20 11:20:38,502 basehttp 154 "GET /static/bootstrap/css/bootstrap.min.css HTTP/1.1" 200 140942
INFO 2020-05-20 11:20:38,504 basehttp 154 "GET /static/js/vue-2.5.16.js HTTP/1.1" 200 289307
INFO 2020-05-20 11:20:38,522 basehttp 154 "GET /static/js/axios-0.18.0.min.js HTTP/1.1" 200 12941
INFO 2020-05-20 11:20:38,546 basehttp 154 "GET /static/js/host.js HTTP/1.1" 200 35
INFO 2020-05-20 11:20:38,568 basehttp 154 "GET /static/js/register.js HTTP/1.1" 200 6407
INFO 2020-05-20 11:20:38,572 basehttp 154 "GET /static/js/common.js HTTP/1.1" 200 891
WARNING 2020-05-20 11:20:38,652 basehttp 154 "GET /static/js/axios.min.map HTTP/1.1" 404 1672
INFO 2020-05-20 11:20:38,801 basehttp 154 "GET /static/bootstrap/css/bootstrap.min.css.map HTTP/1.1" 200 562427
INFO 2020-05-20 11:20:38,977 basehttp 154 "GET /imagecode/?uuid=626ca7a9-4426-4599-b652-93705f355543 HTTP/1.1" 200 3095
INFO 2020-05-20 11:20:42,284 basehttp 154 "GET /imagecode/?uuid=3e089782-e250-4f86-b605-8e08706a97b8 HTTP/1.1" 200 3184
INFO 2020-05-20 11:20:44,555 basehttp 154 "GET /imagecode/?uuid=3170e90d-db76-41b2-aef5-5c1f44088e56 HTTP/1.1" 200 3212
INFO 2020-05-20 11:20:45,479 basehttp 154 "GET /imagecode/?uuid=24d1b49b-8b72-45f1-bcd9-b0425a6aabf8 HTTP/1.1" 200 3148
INFO 2020-05-20 14:47:56,205 basehttp 154 "GET /register/ HTTP/1.1" 200 5197
INFO 2020-05-20 14:47:56,405 basehttp 154 "GET /static/bootstrap/css/bootstrap.min.css HTTP/1.1" 200 140942
INFO 2020-05-20 14:47:56,410 basehttp 154 "GET /static/js/vue-2.5.16.js HTTP/1.1" 200 289307
INFO 2020-05-20 14:47:56,421 basehttp 154 "GET /static/js/axios-0.18.0.min.js HTTP/1.1" 200 12941
INFO 2020-05-20 14:47:56,448 basehttp 154 "GET /static/js/common.js HTTP/1.1" 200 891
INFO 2020-05-20 14:47:56,472 basehttp 154 "GET /static/js/host.js HTTP/1.1" 200 35
INFO 2020-05-20 14:47:56,486 basehttp 154 "GET /static/js/register.js HTTP/1.1" 200 6407
WARNING 2020-05-20 14:47:56,590 basehttp 154 "GET /static/js/axios.min.map HTTP/1.1" 404 1672
INFO 2020-05-20 14:47:56,602 basehttp 154 "GET /static/bootstrap/css/bootstrap.min.css.map HTTP/1.1" 200 562427
INFO 2020-05-20 14:47:56,917 basehttp 154 "GET /imagecode/?uuid=3fb410c6-9a5f-4eb3-a6c8-0b33b692b035 HTTP/1.1" 200 2895
